GPU: NVIDIA RTX 4000 Ada Generation
n=1024 blocks=2 threads=512 time=0.007168 ms hb0=2.208000 hblast=0.603000
n=2048 blocks=4 threads=512 time=0.006336 ms hb0=3.684800 hblast=-6.296300
n=4096 blocks=8 threads=512 time=0.006144 ms hb0=-4.584800 hblast=0.266000
n=8192 blocks=16 threads=512 time=0.005120 ms hb0=0.079500 hblast=-1.697800
n=16384 blocks=32 threads=512 time=0.003072 ms hb0=-3.552600 hblast=-1.150200
n=32768 blocks=64 threads=512 time=0.010368 ms hb0=1.551500 hblast=-1.333200
n=65536 blocks=128 threads=512 time=0.006624 ms hb0=4.373700 hblast=3.003900
n=131072 blocks=256 threads=512 time=0.007264 ms hb0=-1.428800 hblast=-1.836000
n=262144 blocks=512 threads=512 time=0.005056 ms hb0=2.692000 hblast=-0.054000
n=524288 blocks=1024 threads=512 time=0.009312 ms hb0=2.088000 hblast=3.115800
n=1048576 blocks=2048 threads=512 time=0.012384 ms hb0=-7.980000 hblast=0.140000
n=2097152 blocks=4096 threads=512 time=0.021120 ms hb0=1.905300 hblast=-0.514800
n=4194304 blocks=8192 threads=512 time=0.030816 ms hb0=0.010300 hblast=8.539801
n=8388608 blocks=16384 threads=512 time=0.291616 ms hb0=1.884000 hblast=0.180600
n=16777216 blocks=32768 threads=512 time=0.579904 ms hb0=-1.110400 hblast=-5.082800
n=33554432 blocks=65536 threads=512 time=1.236160 ms hb0=-4.422600 hblast=-7.045200
n=67108864 blocks=131072 threads=512 time=2.555456 ms hb0=-0.158400 hblast=-0.722800
n=134217728 blocks=262144 threads=512 time=5.223712 ms hb0=2.579200 hblast=-0.638400
n=268435456 blocks=524288 threads=512 time=11.961504 ms hb0=-8.908900 hblast=-3.996000
n=536870912 blocks=1048576 threads=512 time=23.408512 ms hb0=-0.031900 hblast=1.483200
GPU: NVIDIA RTX 4000 Ada Generation
n=1024 blocks=64 threads=16 time=0.008192 ms hb0=2.208000 hblast=0.603000
n=2048 blocks=128 threads=16 time=0.007168 ms hb0=3.684800 hblast=-6.296300
n=4096 blocks=256 threads=16 time=0.006336 ms hb0=-4.584800 hblast=0.266000
n=8192 blocks=512 threads=16 time=0.005184 ms hb0=0.079500 hblast=-1.697800
n=16384 blocks=1024 threads=16 time=0.004096 ms hb0=-3.552600 hblast=-1.150200
n=32768 blocks=2048 threads=16 time=0.012512 ms hb0=1.551500 hblast=-1.333200
n=65536 blocks=4096 threads=16 time=0.011136 ms hb0=4.373700 hblast=3.003900
n=131072 blocks=8192 threads=16 time=0.011744 ms hb0=-1.428800 hblast=-1.836000
n=262144 blocks=16384 threads=16 time=0.021088 ms hb0=2.692000 hblast=-0.054000
n=524288 blocks=32768 threads=16 time=0.027456 ms hb0=2.088000 hblast=3.115800
n=1048576 blocks=65536 threads=16 time=0.052576 ms hb0=-7.980000 hblast=0.140000
n=2097152 blocks=131072 threads=16 time=0.096736 ms hb0=1.905300 hblast=-0.514800
n=4194304 blocks=262144 threads=16 time=0.179072 ms hb0=0.010300 hblast=8.539801
n=8388608 blocks=524288 threads=16 time=0.418720 ms hb0=1.884000 hblast=0.180600
n=16777216 blocks=1048576 threads=16 time=0.821088 ms hb0=-1.110400 hblast=-5.082800
n=33554432 blocks=2097152 threads=16 time=1.631648 ms hb0=-4.422600 hblast=-7.045200
n=67108864 blocks=4194304 threads=16 time=3.274880 ms hb0=-0.158400 hblast=-0.722800
n=134217728 blocks=8388608 threads=16 time=6.532448 ms hb0=2.579200 hblast=-0.638400
n=268435456 blocks=16777216 threads=16 time=14.326944 ms hb0=-8.908900 hblast=-3.996000
n=536870912 blocks=33554432 threads=16 time=28.135712 ms hb0=-0.031900 hblast=1.483200
